#
# There is insufficient memory for the Java Runtime Environment to continue.
# Native memory allocation (malloc) failed to allocate 1048576 bytes for AllocateHeap
# Possible reasons:
#   The system is out of physical RAM or swap space
#   In 32 bit mode, the process size limit was hit
# Possible solutions:
#   Reduce memory load on the system
#   Increase physical memory or swap space
#   Check if swap backing store is full
#   Use 64 bit Java on a 64 bit OS
#   Decrease Java heap size (-Xmx/-Xms)
#   Decrease number of Java threads
#   Decrease Java thread stack sizes (-Xss)
#   Set larger code cache with -XX:ReservedCodeCacheSize=
# This output file may be truncated or incomplete.
#
#  Out of Memory Error (memory/allocation.inline.hpp:61), pid=764, tid=5564
#
# JRE version:  (8.0_45-b15) (build )
# Java VM: Java HotSpot(TM) 64-Bit Server VM (25.45-b02 mixed mode windows-amd64 compressed oops)
# Failed to write core dump. Minidumps are not enabled by default on client versions of Windows
#

---------------  T H R E A D  ---------------

Current thread (0x0000000001e0a000):  JavaThread "Unknown thread" [_thread_in_vm, id=5564, stack(0x00000000021c0000,0x00000000022c0000)]

Stack: [0x00000000021c0000,0x00000000022c0000]
Native frames: (J=compiled Java code, j=interpreted, Vv=VM code, C=native code)
V  [jvm.dll+0x32b57a]


---------------  P R O C E S S  ---------------

Java Threads: ( => current thread )

Other Threads:

=>0x0000000001e0a000 (exited) JavaThread "Unknown thread" [_thread_in_vm, id=5564, stack(0x00000000021c0000,0x00000000022c0000)]

VM state:not at safepoint (normal execution)

VM Mutex/Monitor currently owned by a thread: None

Heap:
 PSYoungGen      total 37888K, used 655K [0x00000000d6400000, 0x00000000d8e00000, 0x0000000100000000)
  eden space 32768K, 2% used [0x00000000d6400000,0x00000000d64a3d80,0x00000000d8400000)
  from space 5120K, 0% used [0x00000000d8900000,0x00000000d8900000,0x00000000d8e00000)
  to   space 5120K, 0% used [0x00000000d8400000,0x00000000d8400000,0x00000000d8900000)
 ParOldGen       total 86016K, used 0K [0x0000000082c00000, 0x0000000088000000, 0x00000000d6400000)
  object space 86016K, 0% used [0x0000000082c00000,0x0000000082c00000,0x0000000088000000)
 Metaspace       used 766K, capacity 4480K, committed 4480K, reserved 1056768K
  class space    used 75K, capacity 384K, committed 384K, reserved 1048576K

Card table byte_map: [0x0000000011950000,0x0000000011d40000] byte_map_base: 0x000000001153a000

Marking Bits: (ParMarkBitMap*) 0x000000006f554040
 Begin Bits: [0x00000000125f0000, 0x0000000014540000)
 End Bits:   [0x0000000014540000, 0x0000000016490000)

Polling page: 0x0000000000130000

CodeCache: size=245760Kb used=328Kb max_used=328Kb free=245431Kb
 bounds [0x0000000002590000, 0x0000000002800000, 0x0000000011590000]
 total_blobs=57 nmethods=0 adapters=37
 compilation: enabled

Compilation events (0 events):
No events

GC Heap History (0 events):
No events

Deoptimization events (0 events):
No events

Internal exceptions (0 events):
No events

Events (10 events):
Event: 0.220 loading class java/lang/Short
Event: 0.220 loading class java/lang/Short done
Event: 0.220 loading class java/lang/Integer
Event: 0.220 loading class java/lang/Integer done
Event: 0.220 loading class java/lang/Long
Event: 0.220 loading class java/lang/Long done
Event: 0.220 loading class java/lang/NullPointerException
Event: 0.220 loading class java/lang/NullPointerException done
Event: 0.220 loading class java/lang/ArithmeticException
Event: 0.220 loading class java/lang/ArithmeticException done


Dynamic libraries:
0x000000013fb50000 - 0x000000013fb87000 	C:\Program Files\Java\jdk1.8.0_45\bin\java.exe
0x00000000775c0000 - 0x000000007776a000 	C:\windows\SYSTEM32\ntdll.dll
0x00000000774a0000 - 0x00000000775bf000 	C:\windows\system32\kernel32.dll
0x000007fefd590000 - 0x000007fefd5fb000 	C:\windows\system32\KERNELBASE.dll
0x000007fefddc0000 - 0x000007fefde9b000 	C:\windows\system32\ADVAPI32.dll
0x000007feff830000 - 0x000007feff8cf000 	C:\windows\system32\msvcrt.dll
0x000007fefdfb0000 - 0x000007fefdfcf000 	C:\windows\SYSTEM32\sechost.dll
0x000007feff3d0000 - 0x000007feff4fd000 	C:\windows\system32\RPCRT4.dll
0x00000000773a0000 - 0x000000007749a000 	C:\windows\system32\USER32.dll
0x000007fefedd0000 - 0x000007fefee37000 	C:\windows\system32\GDI32.dll
0x000007fefef10000 - 0x000007fefef1e000 	C:\windows\system32\LPK.dll
0x000007fefda20000 - 0x000007fefdaea000 	C:\windows\system32\USP10.dll
0x000007fefbd10000 - 0x000007fefbf04000 	C:\windows\WinSxS\amd64_microsoft.windows.common-controls_6595b64144ccf1df_6.0.7601.18837_none_fa3b1e3d17594757\COMCTL32.dll
0x000007feff1a0000 - 0x000007feff211000 	C:\windows\system32\SHLWAPI.dll
0x000007fefd7e0000 - 0x000007fefd80e000 	C:\windows\system32\IMM32.DLL
0x000007fefdea0000 - 0x000007fefdfa9000 	C:\windows\system32\MSCTF.dll
0x000000006fff0000 - 0x00000000700c2000 	C:\Program Files\Java\jdk1.8.0_45\jre\bin\msvcr100.dll
0x000000006ed50000 - 0x000000006f5d3000 	C:\Program Files\Java\jdk1.8.0_45\jre\bin\server\jvm.dll
0x000007fedcd10000 - 0x000007fedcd19000 	C:\windows\system32\WSOCK32.dll
0x000007fefee40000 - 0x000007fefee8d000 	C:\windows\system32\WS2_32.dll
0x000007fefedc0000 - 0x000007fefedc8000 	C:\windows\system32\NSI.dll
0x000007fefb0f0000 - 0x000007fefb12b000 	C:\windows\system32\WINMM.dll
0x000007fefc3d0000 - 0x000007fefc3dc000 	C:\windows\system32\VERSION.dll
0x0000000077790000 - 0x0000000077797000 	C:\windows\system32\PSAPI.DLL
0x0000000071a60000 - 0x0000000071a6f000 	C:\Program Files\Java\jdk1.8.0_45\jre\bin\verify.dll
0x000000006fd50000 - 0x000000006fd79000 	C:\Program Files\Java\jdk1.8.0_45\jre\bin\java.dll
0x00000000702d0000 - 0x00000000702e6000 	C:\Program Files\Java\jdk1.8.0_45\jre\bin\zip.dll

VM Arguments:
jvm_args: -ea -Didea.launcher.port=7537 -Didea.launcher.bin.path=C:\Users\p3700509\AppData\Roaming\JetBrains\IntelliJ IDEA Community Edition 14.1.3\bin -Dfile.encoding=windows-1252 
java_command: com.intellij.rt.execution.application.AppMain com.intellij.rt.execution.junit.JUnitStarter -ideVersion5 Tests,GetAllTestsFrom42NProject
java_class_path (initial): C:\Users\p3700509\AppData\Roaming\JetBrains\IntelliJ IDEA Community Edition 14.1.3\lib\idea_rt.jar;C:\Users\p3700509\AppData\Roaming\JetBrains\IntelliJ IDEA Community Edition 14.1.3\plugins\junit\lib\junit-rt.jar;C:\Program Files\Java\jdk1.8.0_45\jre\lib\charsets.jar;C:\Program Files\Java\jdk1.8.0_45\jre\lib\deploy.jar;C:\Program Files\Java\jdk1.8.0_45\jre\lib\javaws.jar;C:\Program Files\Java\jdk1.8.0_45\jre\lib\jce.jar;C:\Program Files\Java\jdk1.8.0_45\jre\lib\jfr.jar;C:\Program Files\Java\jdk1.8.0_45\jre\lib\jfxswt.jar;C:\Program Files\Java\jdk1.8.0_45\jre\lib\jsse.jar;C:\Program Files\Java\jdk1.8.0_45\jre\lib\management-agent.jar;C:\Program Files\Java\jdk1.8.0_45\jre\lib\plugin.jar;C:\Program Files\Java\jdk1.8.0_45\jre\lib\resources.jar;C:\Program Files\Java\jdk1.8.0_45\jre\lib\rt.jar;C:\Program Files\Java\jdk1.8.0_45\jre\lib\ext\access-bridge-64.jar;C:\Program Files\Java\jdk1.8.0_45\jre\lib\ext\cldrdata.jar;C:\Program Files\Java\jdk1.8.0_45\jre\lib\ext\dnsns.jar;C:\Program Files\Java\jdk1.8.0_45\jre\lib\ext\jaccess.jar;C:\Program Files\Java\jdk1.8.0_45\jre\lib\ext\jfxrt.jar;C:\Program Files\Java\jdk1.8.0_45\jre\lib\ext\localedata.jar;C:\Program Files\Java\jdk1.8.0_45\jre\lib\ext\nashorn.jar;C:\Program Files\Java\jdk1.8.0_45\jre\lib\ext\sunec.jar;C:\Program Files\Java\jdk1.8.0_45\jre\lib\ext\sunjce_provider.jar;C:\Program Files\Java\jdk1.8.0_45\jre\lib\ext\sunmscapi.jar;C:\Program Files\Java\jdk1.8.0_45\jre\lib\ext\sunpkcs11.jar;C:\Program Files\Java\jdk1.8.0_45\jre\lib\ext\zipfs.jar;C:\Users\p3700509\IdeaProjects\GetTestIdsFromJenkins\target\test-classes;C:\Users\p3700509\IdeaProjects\GetTestIdsFromJenkins\target\classes;C:\Users\p3700509\.m2\repository\junit\junit\4.12\junit-4.12.jar;C:\Users\p3700509\.m2\repository\org\hamcrest\hamcrest-core\1.3\hamcrest-core-1.3.jar;C:\Users\p3700509\.m2\repository\org\seleniumhq\selenium\selenium-java\2.51.0\selenium-java-2.51.0.jar;C:\Users\p3700509\.m2\repository\org\seleniumhq\selenium\seleniu
Launcher Type: SUN_STANDARD

Environment Variables:
PATH=C:\ProgramData\Oracle\Java\javapath;C:\Program Files (x86)\Intel\iCLS Client\;C:\Program Files\Intel\iCLS Client\;C:\windows\system32;C:\windows;C:\windows\System32\Wbem;C:\windows\System32\WindowsPowerShell\v1.0\;;C:\Program Files (x86)\Common Files\Lenovo;C:\ProgramData\Lenovo\ReadyApps;C:\Program Files (x86)\Sysinternals;C:\Program Files\Intel\Intel(R) Management Engine Components\DAL;C:\Program Files\Intel\Intel(R) Management Engine Components\IPT;C:\Program Files (x86)\Intel\Intel(R) Management Engine Components\DAL;C:\Program Files (x86)\Intel\Intel(R) Management Engine Components\IPT;C:\HashiCorp\Vagrant\bin;C:\Program Files (x86)\Skype\Phone\;C:\Users\p3700509\AppData\Local\atom\bin
USERNAME=P3700509
OS=Windows_NT
PROCESSOR_IDENTIFIER=Intel64 Family 6 Model 60 Stepping 3, GenuineIntel



---------------  S Y S T E M  ---------------

OS: Windows 7 , 64 bit Build 7601 (6.1.7601.19135)

CPU:total 4 (4 cores per cpu, 1 threads per core) family 6 model 60 stepping 3, cmov, cx8, fxsr, mmx, sse, sse2, sse3, ssse3, sse4.1, sse4.2, popcnt, avx, avx2, aes, clmul, erms, lzcnt, tsc, tscinvbit, bmi1, bmi2

Memory: 4k page, physical 8201628k(559536k free), swap 9248368k(5060k free)

vm_info: Java HotSpot(TM) 64-Bit Server VM (25.45-b02) for windows-amd64 JRE (1.8.0_45-b15), built on Apr 30 2015 12:40:44 by "java_re" with MS VC++ 10.0 (VS2010)

time: Wed Mar 02 18:34:16 2016
elapsed time: 0 seconds (0d 0h 0m 0s)

